0 info it worked if it ends with ok
1 verbose cli [ '/Users/jillwilson/.nvm/versions/node/v7.0.0/bin/node',
1 verbose cli   '/Users/jillwilson/.nvm/versions/node/v7.0.0/bin/npm',
1 verbose cli   'run',
1 verbose cli   'migrate' ]
2 info using npm@3.10.8
3 info using node@v7.0.0
4 verbose run-script [ 'premigrate', 'migrate', 'postmigrate' ]
5 info lifecycle run@1.0.0~premigrate: run@1.0.0
6 silly lifecycle run@1.0.0~premigrate: no script for premigrate, continuing
7 info lifecycle run@1.0.0~migrate: run@1.0.0
8 verbose lifecycle run@1.0.0~migrate: unsafe-perm in lifecycle true
9 verbose lifecycle run@1.0.0~migrate: PATH: /Users/jillwilson/.nvm/versions/node/v7.0.0/lib/node_modules/npm/bin/node-gyp-bin:/Users/jillwilson/graphql-workspace/run/node_modules/.bin:/Users/jillwilson/.rvm/gems/ruby-2.2.4/bin:/Users/jillwilson/.rvm/gems/ruby-2.2.4@global/bin:/Users/jillwilson/.rvm/rubies/ruby-2.2.4/bin:/Users/jillwilson/.nvm/versions/node/v7.0.0/bin:/usr/local/bin:/usr/bin:/bin:/usr/sbin:/sbin:/opt/X11/bin:/usr/local/git/bin:/Library/TeX/texbin:/Users/jillwilson/.rvm/gems/ruby-2.2.4/bin:/Users/jillwilson/.rvm/gems/ruby-2.2.4@global/bin:/Users/jillwilson/.rvm/rubies/ruby-2.2.4/bin:/Library/Frameworks/Python.framework/Versions/3.5/bin:/Users/jillwilson/Library/Enthought/Canopy_64bit/User/bin:/opt/local/bin:/opt/local/sbin:/Users/jillwilson/.rvm/bin:/usr/local/go/bin:/Users/jillwilson/go
10 verbose lifecycle run@1.0.0~migrate: CWD: /Users/jillwilson/graphql-workspace/run
11 silly lifecycle run@1.0.0~migrate: Args: [ '-c',
11 silly lifecycle   'node -e \'require("babel-register"); require(\'./data/migrate\')\'' ]
12 silly lifecycle run@1.0.0~migrate: Returned: code: 1  signal: null
13 info lifecycle run@1.0.0~migrate: Failed to exec migrate script
14 verbose stack Error: run@1.0.0 migrate: `node -e 'require("babel-register"); require('./data/migrate')'`
14 verbose stack Exit status 1
14 verbose stack     at EventEmitter.<anonymous> (/Users/jillwilson/.nvm/versions/node/v7.0.0/lib/node_modules/npm/lib/utils/lifecycle.js:255:16)
14 verbose stack     at emitTwo (events.js:106:13)
14 verbose stack     at EventEmitter.emit (events.js:191:7)
14 verbose stack     at ChildProcess.<anonymous> (/Users/jillwilson/.nvm/versions/node/v7.0.0/lib/node_modules/npm/lib/utils/spawn.js:40:14)
14 verbose stack     at emitTwo (events.js:106:13)
14 verbose stack     at ChildProcess.emit (events.js:191:7)
14 verbose stack     at maybeClose (internal/child_process.js:877:16)
14 verbose stack     at Process.ChildProcess._handle.onexit (internal/child_process.js:226:5)
15 verbose pkgid run@1.0.0
16 verbose cwd /Users/jillwilson/graphql-workspace/run
17 error Darwin 15.6.0
18 error argv "/Users/jillwilson/.nvm/versions/node/v7.0.0/bin/node" "/Users/jillwilson/.nvm/versions/node/v7.0.0/bin/npm" "run" "migrate"
19 error node v7.0.0
20 error npm  v3.10.8
21 error code ELIFECYCLE
22 error run@1.0.0 migrate: `node -e 'require("babel-register"); require('./data/migrate')'`
22 error Exit status 1
23 error Failed at the run@1.0.0 migrate script 'node -e 'require("babel-register"); require('./data/migrate')''.
23 error Make sure you have the latest version of node.js and npm installed.
23 error If you do, this is most likely a problem with the run package,
23 error not with npm itself.
23 error Tell the author that this fails on your system:
23 error     node -e 'require("babel-register"); require('./data/migrate')'
23 error You can get information on how to open an issue for this project with:
23 error     npm bugs run
23 error Or if that isn't available, you can get their info via:
23 error     npm owner ls run
23 error There is likely additional logging output above.
24 verbose exit [ 1, true ]
